<?xml version="1.0" encoding="UTF-8"?>
<testng-results ignored="0" total="1" passed="1" failed="0" skipped="0">
  <reporter-output>
  </reporter-output>
  <suite started-at="2024-02-29T09:28:33 IST" name="Default suite" finished-at="2024-02-29T09:30:06 IST" duration-ms="93508">
    <groups>
    </groups>
    <test started-at="2024-02-29T09:28:33 IST" name="Default test" finished-at="2024-02-29T09:30:06 IST" duration-ms="93508">
      <class name="test.WV_MDmaintest">
        <test-method is-config="true" signature="launchApp()[pri:0, instance:test.WV_MDmaintest@55b7a4e0]" started-at="2024-02-29T09:28:33 IST" name="launchApp" finished-at="2024-02-29T09:28:39 IST" duration-ms="5803" status="PASS">
          <reporter-output>
          </reporter-output>
        </test-method> <!-- launchApp -->
        <test-method signature="stateLicenseFlow()[pri:0, instance:test.WV_MDmaintest@55b7a4e0]" started-at="2024-02-29T09:28:39 IST" name="stateLicenseFlow" finished-at="2024-02-29T09:30:06 IST" duration-ms="87656" status="PASS">
          <reporter-output>
          </reporter-output>
        </test-method> <!-- stateLicenseFlow -->
      </class> <!-- test.WV_MDmaintest -->
    </test> <!-- Default test -->
  </suite> <!-- Default suite -->
</testng-results>
